mode: set
github.com/maci0/katamaran/test_signal.go:12.13,16.12 3 0
github.com/maci0/katamaran/test_signal.go:16.12,20.3 3 0
github.com/maci0/katamaran/test_signal.go:22.2,26.31 5 0
github.com/maci0/katamaran/internal/qmp/client.go:48.73,52.16 4 1
github.com/maci0/katamaran/internal/qmp/client.go:52.16,54.3 1 1
github.com/maci0/katamaran/internal/qmp/client.go:56.2,64.40 2 1
github.com/maci0/katamaran/internal/qmp/client.go:64.40,66.3 1 1
github.com/maci0/katamaran/internal/qmp/client.go:67.2,67.43 1 1
github.com/maci0/katamaran/internal/qmp/client.go:67.43,71.3 3 1
github.com/maci0/katamaran/internal/qmp/client.go:73.2,73.78 1 1
github.com/maci0/katamaran/internal/qmp/client.go:73.78,75.3 1 0
github.com/maci0/katamaran/internal/qmp/client.go:77.2,77.46 1 1
github.com/maci0/katamaran/internal/qmp/client.go:77.46,79.50 2 1
github.com/maci0/katamaran/internal/qmp/client.go:79.51,81.4 0 1
github.com/maci0/katamaran/internal/qmp/client.go:81.9,83.4 1 1
github.com/maci0/katamaran/internal/qmp/client.go:86.2,86.74 1 1
github.com/maci0/katamaran/internal/qmp/client.go:86.74,88.3 1 0
github.com/maci0/katamaran/internal/qmp/client.go:90.2,92.16 3 1
github.com/maci0/katamaran/internal/qmp/client.go:92.16,94.3 1 0
github.com/maci0/katamaran/internal/qmp/client.go:95.2,95.61 1 1
github.com/maci0/katamaran/internal/qmp/client.go:95.61,97.3 1 0
github.com/maci0/katamaran/internal/qmp/client.go:99.2,100.16 2 1
github.com/maci0/katamaran/internal/qmp/client.go:100.16,102.3 1 0
github.com/maci0/katamaran/internal/qmp/client.go:103.2,104.65 2 1
github.com/maci0/katamaran/internal/qmp/client.go:104.65,106.3 1 0
github.com/maci0/katamaran/internal/qmp/client.go:107.2,107.26 1 1
github.com/maci0/katamaran/internal/qmp/client.go:107.26,109.3 1 1
github.com/maci0/katamaran/internal/qmp/client.go:111.2,111.57 1 1
github.com/maci0/katamaran/internal/qmp/client.go:111.57,113.3 1 0
github.com/maci0/katamaran/internal/qmp/client.go:117.2,117.13 1 1
github.com/maci0/katamaran/internal/qmp/client.go:117.13,119.3 1 0
github.com/maci0/katamaran/internal/qmp/client.go:121.2,121.39 1 1
github.com/maci0/katamaran/internal/qmp/client.go:127.32,131.19 3 1
github.com/maci0/katamaran/internal/qmp/client.go:131.19,133.3 1 1
github.com/maci0/katamaran/internal/qmp/client.go:134.2,136.12 3 1
github.com/maci0/katamaran/internal/qmp/client.go:149.95,154.17 4 1
github.com/maci0/katamaran/internal/qmp/client.go:154.17,156.3 1 1
github.com/maci0/katamaran/internal/qmp/client.go:158.2,164.16 3 1
github.com/maci0/katamaran/internal/qmp/client.go:164.16,166.3 1 0
github.com/maci0/katamaran/internal/qmp/client.go:169.2,170.55 2 1
github.com/maci0/katamaran/internal/qmp/client.go:170.55,172.3 1 1
github.com/maci0/katamaran/internal/qmp/client.go:176.2,176.50 1 1
github.com/maci0/katamaran/internal/qmp/client.go:176.50,178.3 1 0
github.com/maci0/katamaran/internal/qmp/client.go:179.2,179.15 1 1
github.com/maci0/katamaran/internal/qmp/client.go:179.15,179.52 1 1
github.com/maci0/katamaran/internal/qmp/client.go:190.2,191.46 2 1
github.com/maci0/katamaran/internal/qmp/client.go:191.46,194.3 2 1
github.com/maci0/katamaran/internal/qmp/client.go:195.2,195.15 1 1
github.com/maci0/katamaran/internal/qmp/client.go:195.15,196.20 1 1
github.com/maci0/katamaran/internal/qmp/client.go:196.20,198.4 1 1
github.com/maci0/katamaran/internal/qmp/client.go:201.2,201.54 1 1
github.com/maci0/katamaran/internal/qmp/client.go:201.54,202.23 1 0
github.com/maci0/katamaran/internal/qmp/client.go:202.23,204.4 1 0
github.com/maci0/katamaran/internal/qmp/client.go:205.3,205.65 1 0
github.com/maci0/katamaran/internal/qmp/client.go:208.2,208.6 1 1
github.com/maci0/katamaran/internal/qmp/client.go:208.6,210.17 2 1
github.com/maci0/katamaran/internal/qmp/client.go:210.17,211.24 1 1
github.com/maci0/katamaran/internal/qmp/client.go:211.24,213.5 1 0
github.com/maci0/katamaran/internal/qmp/client.go:214.4,215.51 2 1
github.com/maci0/katamaran/internal/qmp/client.go:215.51,217.5 1 1
github.com/maci0/katamaran/internal/qmp/client.go:218.4,218.71 1 1
github.com/maci0/katamaran/internal/qmp/client.go:221.3,222.52 2 1
github.com/maci0/katamaran/internal/qmp/client.go:222.52,224.4 1 0
github.com/maci0/katamaran/internal/qmp/client.go:229.3,229.23 1 1
github.com/maci0/katamaran/internal/qmp/client.go:229.23,233.12 4 1
github.com/maci0/katamaran/internal/qmp/client.go:236.3,236.24 1 1
github.com/maci0/katamaran/internal/qmp/client.go:236.24,238.4 1 1
github.com/maci0/katamaran/internal/qmp/client.go:240.3,240.26 1 1
github.com/maci0/katamaran/internal/qmp/client.go:253.99,258.30 3 1
github.com/maci0/katamaran/internal/qmp/client.go:258.30,259.28 1 1
github.com/maci0/katamaran/internal/qmp/client.go:259.28,264.4 3 1
github.com/maci0/katamaran/internal/qmp/client.go:266.2,268.17 2 1
github.com/maci0/katamaran/internal/qmp/client.go:268.17,270.3 1 1
github.com/maci0/katamaran/internal/qmp/client.go:274.2,275.60 2 1
github.com/maci0/katamaran/internal/qmp/client.go:275.60,277.3 1 1
github.com/maci0/katamaran/internal/qmp/client.go:278.2,278.60 1 1
github.com/maci0/katamaran/internal/qmp/client.go:278.60,280.3 1 0
github.com/maci0/katamaran/internal/qmp/client.go:281.2,281.15 1 1
github.com/maci0/katamaran/internal/qmp/client.go:281.15,281.56 1 1
github.com/maci0/katamaran/internal/qmp/client.go:283.2,284.46 2 1
github.com/maci0/katamaran/internal/qmp/client.go:284.46,287.3 2 1
github.com/maci0/katamaran/internal/qmp/client.go:288.2,288.15 1 1
github.com/maci0/katamaran/internal/qmp/client.go:288.15,289.20 1 1
github.com/maci0/katamaran/internal/qmp/client.go:289.20,291.4 1 1
github.com/maci0/katamaran/internal/qmp/client.go:294.2,294.6 1 1
github.com/maci0/katamaran/internal/qmp/client.go:294.6,296.17 2 1
github.com/maci0/katamaran/internal/qmp/client.go:296.17,297.24 1 1
github.com/maci0/katamaran/internal/qmp/client.go:297.24,299.5 1 1
github.com/maci0/katamaran/internal/qmp/client.go:300.4,301.51 2 1
github.com/maci0/katamaran/internal/qmp/client.go:301.51,303.5 1 1
github.com/maci0/katamaran/internal/qmp/client.go:304.4,304.28 1 0
github.com/maci0/katamaran/internal/qmp/client.go:304.28,306.5 1 0
github.com/maci0/katamaran/internal/qmp/client.go:307.4,307.58 1 0
github.com/maci0/katamaran/internal/qmp/client.go:310.3,311.52 2 1
github.com/maci0/katamaran/internal/qmp/client.go:311.52,313.4 1 0
github.com/maci0/katamaran/internal/qmp/client.go:315.3,315.30 1 1
github.com/maci0/katamaran/internal/qmp/client.go:315.30,317.4 1 1
github.com/maci0/katamaran/internal/qmp/client.go:322.3,322.23 1 1
github.com/maci0/katamaran/internal/qmp/client.go:322.23,326.4 3 1
github.com/maci0/katamaran/internal/qmp/types.go:34.32,36.2 1 1
github.com/maci0/katamaran/internal/qmp/types.go:132.46,132.47 0 0
github.com/maci0/katamaran/internal/qmp/types.go:133.46,133.47 0 0
github.com/maci0/katamaran/internal/qmp/types.go:134.46,134.47 0 0
github.com/maci0/katamaran/internal/qmp/types.go:135.46,135.47 0 0
github.com/maci0/katamaran/internal/qmp/types.go:136.46,136.47 0 0
github.com/maci0/katamaran/internal/qmp/types.go:137.46,137.47 0 0
github.com/maci0/katamaran/internal/qmp/types.go:138.46,138.47 0 0
github.com/maci0/katamaran/internal/qmp/types.go:139.46,139.47 0 0
github.com/maci0/katamaran/cmd/katamaran/main.go:21.13,35.18 12 0
github.com/maci0/katamaran/cmd/katamaran/main.go:35.18,38.3 2 0
github.com/maci0/katamaran/cmd/katamaran/main.go:40.2,40.21 1 0
github.com/maci0/katamaran/cmd/katamaran/main.go:40.21,44.3 3 0
github.com/maci0/katamaran/cmd/katamaran/main.go:46.2,49.12 3 0
github.com/maci0/katamaran/cmd/katamaran/main.go:49.12,52.3 2 0
github.com/maci0/katamaran/cmd/katamaran/main.go:54.2,55.15 2 0
github.com/maci0/katamaran/cmd/katamaran/main.go:56.14,57.87 1 0
github.com/maci0/katamaran/cmd/katamaran/main.go:58.16,59.35 1 0
github.com/maci0/katamaran/cmd/katamaran/main.go:59.35,63.4 3 0
github.com/maci0/katamaran/cmd/katamaran/main.go:64.3,65.18 2 0
github.com/maci0/katamaran/cmd/katamaran/main.go:65.18,68.4 2 0
github.com/maci0/katamaran/cmd/katamaran/main.go:69.3,70.18 2 0
github.com/maci0/katamaran/cmd/katamaran/main.go:70.18,73.4 2 0
github.com/maci0/katamaran/cmd/katamaran/main.go:74.3,76.41 3 0
github.com/maci0/katamaran/cmd/katamaran/main.go:76.41,80.4 2 0
github.com/maci0/katamaran/cmd/katamaran/main.go:81.3,81.52 1 0
github.com/maci0/katamaran/cmd/katamaran/main.go:81.52,84.4 2 0
github.com/maci0/katamaran/cmd/katamaran/main.go:85.3,85.26 1 0
github.com/maci0/katamaran/cmd/katamaran/main.go:85.26,88.4 2 0
github.com/maci0/katamaran/cmd/katamaran/main.go:89.3,89.122 1 0
github.com/maci0/katamaran/cmd/katamaran/main.go:90.10,93.13 3 0
github.com/maci0/katamaran/cmd/katamaran/main.go:94.10,96.13 2 0
github.com/maci0/katamaran/cmd/katamaran/main.go:99.2,99.16 1 0
github.com/maci0/katamaran/cmd/katamaran/main.go:99.16,100.39 1 0
github.com/maci0/katamaran/cmd/katamaran/main.go:100.39,103.4 2 0
github.com/maci0/katamaran/cmd/katamaran/main.go:104.3,104.31 1 0
github.com/maci0/katamaran/dashboard/main.go:43.13,61.12 10 0
github.com/maci0/katamaran/dashboard/main.go:61.12,69.3 7 0
github.com/maci0/katamaran/dashboard/main.go:71.2,72.62 2 0
github.com/maci0/katamaran/dashboard/main.go:72.62,74.3 1 0
github.com/maci0/katamaran/dashboard/main.go:77.56,78.23 1 0
github.com/maci0/katamaran/dashboard/main.go:78.23,81.3 2 0
github.com/maci0/katamaran/dashboard/main.go:82.2,82.36 1 0
github.com/maci0/katamaran/dashboard/main.go:85.33,91.26 2 0
github.com/maci0/katamaran/dashboard/main.go:91.26,92.39 1 0
github.com/maci0/katamaran/dashboard/main.go:92.39,94.4 1 0
github.com/maci0/katamaran/dashboard/main.go:96.2,96.21 1 0
github.com/maci0/katamaran/dashboard/main.go:99.60,100.33 1 0
github.com/maci0/katamaran/dashboard/main.go:100.33,103.3 2 0
github.com/maci0/katamaran/dashboard/main.go:104.2,104.38 1 0
github.com/maci0/katamaran/dashboard/main.go:104.38,107.3 2 0
github.com/maci0/katamaran/dashboard/main.go:109.2,110.17 2 0
github.com/maci0/katamaran/dashboard/main.go:110.17,114.3 3 0
github.com/maci0/katamaran/dashboard/main.go:115.2,133.45 7 0
github.com/maci0/katamaran/dashboard/main.go:133.45,135.3 1 0
github.com/maci0/katamaran/dashboard/main.go:136.2,136.45 1 0
github.com/maci0/katamaran/dashboard/main.go:136.45,138.63 2 0
github.com/maci0/katamaran/dashboard/main.go:138.63,145.4 6 0
github.com/maci0/katamaran/dashboard/main.go:146.3,146.40 1 0
github.com/maci0/katamaran/dashboard/main.go:149.2,152.64 3 0
github.com/maci0/katamaran/dashboard/main.go:152.64,154.3 1 0
github.com/maci0/katamaran/dashboard/main.go:157.64,159.28 2 0
github.com/maci0/katamaran/dashboard/main.go:159.28,161.3 1 0
github.com/maci0/katamaran/dashboard/main.go:162.2,163.30 2 0
github.com/maci0/katamaran/dashboard/main.go:166.53,167.15 1 0
github.com/maci0/katamaran/dashboard/main.go:167.15,172.3 4 0
github.com/maci0/katamaran/dashboard/main.go:174.2,176.16 3 0
github.com/maci0/katamaran/dashboard/main.go:176.16,179.3 2 0
github.com/maci0/katamaran/dashboard/main.go:180.2,182.36 2 0
github.com/maci0/katamaran/dashboard/main.go:182.36,185.3 2 0
github.com/maci0/katamaran/dashboard/main.go:187.2,190.21 4 0
github.com/maci0/katamaran/dashboard/main.go:190.21,192.3 1 0
github.com/maci0/katamaran/dashboard/main.go:194.2,194.35 1 0
github.com/maci0/katamaran/dashboard/main.go:194.35,196.3 1 0
github.com/maci0/katamaran/dashboard/main.go:196.8,198.3 1 0
github.com/maci0/katamaran/dashboard/main.go:201.28,205.40 4 0
github.com/maci0/katamaran/dashboard/main.go:205.40,207.3 1 0
github.com/maci0/katamaran/dashboard/main.go:210.59,227.17 11 0
github.com/maci0/katamaran/dashboard/main.go:227.17,229.3 1 0
github.com/maci0/katamaran/dashboard/main.go:234.20,238.26 4 0
github.com/maci0/katamaran/dashboard/main.go:238.26,241.3 2 0
github.com/maci0/katamaran/dashboard/main.go:244.62,246.18 2 0
github.com/maci0/katamaran/dashboard/main.go:246.18,249.3 2 0
github.com/maci0/katamaran/dashboard/main.go:251.2,252.20 2 0
github.com/maci0/katamaran/dashboard/main.go:252.20,256.3 3 0
github.com/maci0/katamaran/dashboard/main.go:257.2,263.12 6 0
github.com/maci0/katamaran/dashboard/main.go:263.12,264.16 1 0
github.com/maci0/katamaran/dashboard/main.go:264.16,268.4 3 0
github.com/maci0/katamaran/dashboard/main.go:270.3,272.17 3 0
github.com/maci0/katamaran/dashboard/main.go:272.17,274.4 1 0
github.com/maci0/katamaran/dashboard/main.go:275.3,275.37 1 0
github.com/maci0/katamaran/dashboard/main.go:275.37,277.4 1 0
github.com/maci0/katamaran/dashboard/main.go:279.3,282.22 4 0
github.com/maci0/katamaran/dashboard/main.go:282.22,285.24 3 0
github.com/maci0/katamaran/dashboard/main.go:285.24,289.5 3 0
github.com/maci0/katamaran/dashboard/main.go:289.10,289.89 1 0
github.com/maci0/katamaran/dashboard/main.go:289.89,291.5 1 0
github.com/maci0/katamaran/dashboard/main.go:293.3,293.36 1 0
github.com/maci0/katamaran/dashboard/main.go:293.36,295.4 1 0
github.com/maci0/katamaran/dashboard/main.go:298.2,298.30 1 0
github.com/maci0/katamaran/dashboard/main.go:301.61,304.2 2 0
github.com/maci0/katamaran/dashboard/main.go:306.42,314.33 4 0
github.com/maci0/katamaran/dashboard/main.go:314.33,316.3 1 0
github.com/maci0/katamaran/dashboard/main.go:319.62,321.18 2 0
github.com/maci0/katamaran/dashboard/main.go:321.18,324.3 2 0
github.com/maci0/katamaran/dashboard/main.go:326.2,327.20 2 0
github.com/maci0/katamaran/dashboard/main.go:327.20,331.3 3 0
github.com/maci0/katamaran/dashboard/main.go:332.2,338.12 6 0
github.com/maci0/katamaran/dashboard/main.go:338.12,339.16 1 0
github.com/maci0/katamaran/dashboard/main.go:339.16,343.4 3 0
github.com/maci0/katamaran/dashboard/main.go:345.3,346.7 2 0
github.com/maci0/katamaran/dashboard/main.go:346.7,347.11 1 0
github.com/maci0/katamaran/dashboard/main.go:348.22,349.11 1 0
github.com/maci0/katamaran/dashboard/main.go:350.12,350.12 0 0
github.com/maci0/katamaran/dashboard/main.go:353.4,357.18 4 0
github.com/maci0/katamaran/dashboard/main.go:357.18,359.5 1 0
github.com/maci0/katamaran/dashboard/main.go:359.10,360.45 1 0
github.com/maci0/katamaran/dashboard/main.go:360.45,362.6 1 0
github.com/maci0/katamaran/dashboard/main.go:363.5,363.21 1 0
github.com/maci0/katamaran/dashboard/main.go:366.4,366.11 1 0
github.com/maci0/katamaran/dashboard/main.go:367.22,368.11 1 0
github.com/maci0/katamaran/dashboard/main.go:369.46,369.46 0 0
github.com/maci0/katamaran/dashboard/main.go:374.2,374.30 1 0
github.com/maci0/katamaran/internal/migration/config.go:86.80,88.2 1 1
github.com/maci0/katamaran/internal/migration/config.go:94.45,96.34 2 1
github.com/maci0/katamaran/internal/migration/config.go:96.34,98.3 1 1
github.com/maci0/katamaran/internal/migration/config.go:99.2,99.10 1 1
github.com/maci0/katamaran/internal/migration/config.go:106.69,112.34 5 1
github.com/maci0/katamaran/internal/migration/config.go:112.34,113.23 1 1
github.com/maci0/katamaran/internal/migration/config.go:113.23,115.4 1 1
github.com/maci0/katamaran/internal/migration/config.go:116.3,117.19 2 1
github.com/maci0/katamaran/internal/migration/config.go:117.19,119.4 1 1
github.com/maci0/katamaran/internal/migration/config.go:120.3,120.72 1 1
github.com/maci0/katamaran/internal/migration/config.go:122.2,122.12 1 1
github.com/maci0/katamaran/internal/migration/dest.go:29.105,34.20 3 1
github.com/maci0/katamaran/internal/migration/dest.go:34.20,37.58 2 1
github.com/maci0/katamaran/internal/migration/dest.go:37.58,39.4 1 1
github.com/maci0/katamaran/internal/migration/dest.go:39.9,42.86 2 0
github.com/maci0/katamaran/internal/migration/dest.go:42.87,45.5 0 0
github.com/maci0/katamaran/internal/migration/dest.go:46.4,48.118 2 0
github.com/maci0/katamaran/internal/migration/dest.go:48.118,50.5 1 0
github.com/maci0/katamaran/internal/migration/dest.go:50.10,50.125 1 0
github.com/maci0/katamaran/internal/migration/dest.go:50.125,55.5 4 0
github.com/maci0/katamaran/internal/migration/dest.go:55.10,58.5 2 0
github.com/maci0/katamaran/internal/migration/dest.go:60.8,62.3 1 1
github.com/maci0/katamaran/internal/migration/dest.go:67.2,67.15 1 1
github.com/maci0/katamaran/internal/migration/dest.go:67.15,68.21 1 1
github.com/maci0/katamaran/internal/migration/dest.go:68.21,71.86 3 0
github.com/maci0/katamaran/internal/migration/dest.go:71.86,73.5 1 0
github.com/maci0/katamaran/internal/migration/dest.go:77.2,78.16 2 1
github.com/maci0/katamaran/internal/migration/dest.go:78.16,80.3 1 1
github.com/maci0/katamaran/internal/migration/dest.go:81.2,81.15 1 0
github.com/maci0/katamaran/internal/migration/dest.go:81.15,82.40 1 0
github.com/maci0/katamaran/internal/migration/dest.go:82.40,84.4 1 0
github.com/maci0/katamaran/internal/migration/dest.go:87.2,88.20 2 0
github.com/maci0/katamaran/internal/migration/dest.go:88.20,102.18 3 0
github.com/maci0/katamaran/internal/migration/dest.go:102.18,104.4 1 0
github.com/maci0/katamaran/internal/migration/dest.go:105.3,109.16 2 0
github.com/maci0/katamaran/internal/migration/dest.go:109.16,110.18 1 0
github.com/maci0/katamaran/internal/migration/dest.go:110.18,113.83 3 0
github.com/maci0/katamaran/internal/migration/dest.go:113.83,115.6 1 0
github.com/maci0/katamaran/internal/migration/dest.go:119.3,122.18 1 0
github.com/maci0/katamaran/internal/migration/dest.go:122.18,124.4 1 0
github.com/maci0/katamaran/internal/migration/dest.go:125.3,125.57 1 0
github.com/maci0/katamaran/internal/migration/dest.go:126.8,128.3 1 0
github.com/maci0/katamaran/internal/migration/dest.go:135.2,135.20 1 0
github.com/maci0/katamaran/internal/migration/dest.go:135.20,136.104 1 0
github.com/maci0/katamaran/internal/migration/dest.go:136.104,138.4 1 0
github.com/maci0/katamaran/internal/migration/dest.go:138.9,140.4 1 0
github.com/maci0/katamaran/internal/migration/dest.go:144.2,145.76 2 0
github.com/maci0/katamaran/internal/migration/dest.go:145.76,147.3 1 0
github.com/maci0/katamaran/internal/migration/dest.go:148.2,148.20 1 0
github.com/maci0/katamaran/internal/migration/dest.go:148.20,150.3 1 0
github.com/maci0/katamaran/internal/migration/dest.go:150.8,152.3 1 0
github.com/maci0/katamaran/internal/migration/dest.go:158.2,158.20 1 0
github.com/maci0/katamaran/internal/migration/dest.go:158.20,159.117 1 0
github.com/maci0/katamaran/internal/migration/dest.go:159.117,161.4 1 0
github.com/maci0/katamaran/internal/migration/dest.go:161.9,166.4 2 0
github.com/maci0/katamaran/internal/migration/dest.go:169.2,169.20 1 0
github.com/maci0/katamaran/internal/migration/dest.go:169.20,176.73 3 0
github.com/maci0/katamaran/internal/migration/dest.go:176.73,178.4 1 0
github.com/maci0/katamaran/internal/migration/dest.go:178.9,180.4 1 0
github.com/maci0/katamaran/internal/migration/dest.go:181.3,181.12 1 0
github.com/maci0/katamaran/internal/migration/dest.go:190.2,198.17 4 0
github.com/maci0/katamaran/internal/migration/dest.go:198.17,200.3 1 0
github.com/maci0/katamaran/internal/migration/dest.go:200.8,202.3 1 0
github.com/maci0/katamaran/internal/migration/dest.go:204.2,205.12 2 0
github.com/maci0/katamaran/internal/migration/source.go:24.162,31.16 5 1
github.com/maci0/katamaran/internal/migration/source.go:31.16,33.3 1 1
github.com/maci0/katamaran/internal/migration/source.go:34.2,34.15 1 0
github.com/maci0/katamaran/internal/migration/source.go:34.15,35.40 1 0
github.com/maci0/katamaran/internal/migration/source.go:35.40,37.4 1 0
github.com/maci0/katamaran/internal/migration/source.go:40.2,43.20 3 0
github.com/maci0/katamaran/internal/migration/source.go:43.20,52.18 3 0
github.com/maci0/katamaran/internal/migration/source.go:52.18,54.4 1 0
github.com/maci0/katamaran/internal/migration/source.go:55.3,57.16 2 0
github.com/maci0/katamaran/internal/migration/source.go:57.16,58.21 1 0
github.com/maci0/katamaran/internal/migration/source.go:58.21,64.26 3 0
github.com/maci0/katamaran/internal/migration/source.go:64.26,66.6 1 0
github.com/maci0/katamaran/internal/migration/source.go:70.3,71.63 2 0
github.com/maci0/katamaran/internal/migration/source.go:71.63,73.4 1 0
github.com/maci0/katamaran/internal/migration/source.go:74.8,76.3 1 0
github.com/maci0/katamaran/internal/migration/source.go:78.2,83.17 2 0
github.com/maci0/katamaran/internal/migration/source.go:83.17,85.3 1 0
github.com/maci0/katamaran/internal/migration/source.go:87.2,90.17 1 0
github.com/maci0/katamaran/internal/migration/source.go:90.17,92.3 1 0
github.com/maci0/katamaran/internal/migration/source.go:94.2,95.84 2 0
github.com/maci0/katamaran/internal/migration/source.go:95.84,97.3 1 0
github.com/maci0/katamaran/internal/migration/source.go:98.2,103.6 2 0
github.com/maci0/katamaran/internal/migration/source.go:103.6,105.17 2 0
github.com/maci0/katamaran/internal/migration/source.go:105.17,106.9 1 0
github.com/maci0/katamaran/internal/migration/source.go:109.3,110.50 2 0
github.com/maci0/katamaran/internal/migration/source.go:110.50,113.19 2 0
github.com/maci0/katamaran/internal/migration/source.go:113.19,114.13 1 0
github.com/maci0/katamaran/internal/migration/source.go:116.4,117.53 2 0
github.com/maci0/katamaran/internal/migration/source.go:117.53,119.32 2 0
github.com/maci0/katamaran/internal/migration/source.go:119.32,121.6 1 0
github.com/maci0/katamaran/internal/migration/source.go:121.11,121.42 1 0
github.com/maci0/katamaran/internal/migration/source.go:121.42,123.6 1 0
github.com/maci0/katamaran/internal/migration/source.go:123.11,123.42 1 0
github.com/maci0/katamaran/internal/migration/source.go:123.42,125.20 2 0
github.com/maci0/katamaran/internal/migration/source.go:128.4,128.12 1 0
github.com/maci0/katamaran/internal/migration/source.go:130.3,130.72 1 0
github.com/maci0/katamaran/internal/migration/source.go:133.2,136.67 3 0
github.com/maci0/katamaran/internal/migration/source.go:136.67,138.3 1 0
github.com/maci0/katamaran/internal/migration/source.go:139.2,145.25 5 0
github.com/maci0/katamaran/internal/migration/source.go:145.25,147.84 2 0
github.com/maci0/katamaran/internal/migration/source.go:147.84,149.4 1 0
github.com/maci0/katamaran/internal/migration/source.go:150.3,150.12 1 0
github.com/maci0/katamaran/internal/migration/source.go:153.2,153.20 1 0
github.com/maci0/katamaran/internal/migration/source.go:153.20,158.18 2 0
github.com/maci0/katamaran/internal/migration/source.go:158.18,160.4 1 0
github.com/maci0/katamaran/internal/migration/source.go:160.9,163.4 2 0
github.com/maci0/katamaran/internal/migration/source.go:164.3,164.12 1 0
github.com/maci0/katamaran/internal/migration/source.go:167.2,167.19 1 0
github.com/maci0/katamaran/internal/migration/source.go:167.19,168.26 1 0
github.com/maci0/katamaran/internal/migration/source.go:168.26,171.11 3 0
github.com/maci0/katamaran/internal/migration/source.go:172.22,173.22 1 0
github.com/maci0/katamaran/internal/migration/source.go:173.22,175.6 1 0
github.com/maci0/katamaran/internal/migration/source.go:176.19,176.19 0 0
github.com/maci0/katamaran/internal/migration/source.go:179.3,180.46 2 0
github.com/maci0/katamaran/internal/migration/source.go:180.46,182.4 1 0
github.com/maci0/katamaran/internal/migration/source.go:183.3,183.12 1 0
github.com/maci0/katamaran/internal/migration/source.go:186.2,186.25 1 0
github.com/maci0/katamaran/internal/migration/source.go:186.25,188.3 1 0
github.com/maci0/katamaran/internal/migration/source.go:190.2,191.12 2 0
github.com/maci0/katamaran/internal/migration/source.go:194.86,201.6 6 0
github.com/maci0/katamaran/internal/migration/source.go:201.6,202.35 1 0
github.com/maci0/katamaran/internal/migration/source.go:202.35,204.4 1 0
github.com/maci0/katamaran/internal/migration/source.go:206.3,207.17 2 0
github.com/maci0/katamaran/internal/migration/source.go:207.17,208.24 1 0
github.com/maci0/katamaran/internal/migration/source.go:208.24,210.5 1 0
github.com/maci0/katamaran/internal/migration/source.go:211.4,211.53 1 0
github.com/maci0/katamaran/internal/migration/source.go:213.3,214.51 2 0
github.com/maci0/katamaran/internal/migration/source.go:214.51,216.4 1 0
github.com/maci0/katamaran/internal/migration/source.go:217.3,218.66 2 0
github.com/maci0/katamaran/internal/migration/source.go:218.66,218.94 1 0
github.com/maci0/katamaran/internal/migration/source.go:218.107,220.4 1 0
github.com/maci0/katamaran/internal/migration/source.go:221.3,221.17 1 0
github.com/maci0/katamaran/internal/migration/source.go:221.17,222.15 1 0
github.com/maci0/katamaran/internal/migration/source.go:222.15,224.5 1 0
github.com/maci0/katamaran/internal/migration/source.go:225.4,225.40 1 0
github.com/maci0/katamaran/internal/migration/source.go:225.40,227.5 1 0
github.com/maci0/katamaran/internal/migration/source.go:228.9,230.17 2 0
github.com/maci0/katamaran/internal/migration/source.go:230.17,234.5 3 0
github.com/maci0/katamaran/internal/migration/source.go:235.4,235.19 1 0
github.com/maci0/katamaran/internal/migration/source.go:235.19,238.5 2 0
github.com/maci0/katamaran/internal/migration/source.go:239.4,239.57 1 0
github.com/maci0/katamaran/internal/migration/source.go:239.57,241.5 1 0
github.com/maci0/katamaran/internal/migration/source.go:243.3,243.37 1 0
github.com/maci0/katamaran/internal/migration/source.go:243.37,245.4 1 0
github.com/maci0/katamaran/internal/migration/source.go:246.3,246.10 1 0
github.com/maci0/katamaran/internal/migration/source.go:247.21,248.20 1 0
github.com/maci0/katamaran/internal/migration/source.go:249.19,249.19 0 0
github.com/maci0/katamaran/internal/migration/source.go:254.78,259.6 4 0
github.com/maci0/katamaran/internal/migration/source.go:259.6,260.35 1 0
github.com/maci0/katamaran/internal/migration/source.go:260.35,262.4 1 0
github.com/maci0/katamaran/internal/migration/source.go:264.3,265.17 2 0
github.com/maci0/katamaran/internal/migration/source.go:265.17,266.24 1 0
github.com/maci0/katamaran/internal/migration/source.go:266.24,268.5 1 0
github.com/maci0/katamaran/internal/migration/source.go:269.4,269.59 1 0
github.com/maci0/katamaran/internal/migration/source.go:271.3,272.51 2 0
github.com/maci0/katamaran/internal/migration/source.go:272.51,274.4 1 0
github.com/maci0/katamaran/internal/migration/source.go:275.3,276.22 2 0
github.com/maci0/katamaran/internal/migration/source.go:277.20,278.14 1 0
github.com/maci0/katamaran/internal/migration/source.go:279.17,280.28 1 0
github.com/maci0/katamaran/internal/migration/source.go:280.28,282.5 1 0
github.com/maci0/katamaran/internal/migration/source.go:283.4,283.29 1 0
github.com/maci0/katamaran/internal/migration/source.go:284.20,285.32 1 0
github.com/maci0/katamaran/internal/migration/source.go:287.3,287.33 1 0
github.com/maci0/katamaran/internal/migration/source.go:287.33,289.4 1 0
github.com/maci0/katamaran/internal/migration/source.go:290.3,290.10 1 0
github.com/maci0/katamaran/internal/migration/source.go:291.21,292.20 1 0
github.com/maci0/katamaran/internal/migration/source.go:293.19,293.19 0 0
github.com/maci0/katamaran/internal/migration/tunnel.go:29.85,33.38 3 1
github.com/maci0/katamaran/internal/migration/tunnel.go:33.38,35.3 1 1
github.com/maci0/katamaran/internal/migration/tunnel.go:37.2,37.28 1 1
github.com/maci0/katamaran/internal/migration/tunnel.go:37.28,39.3 1 1
github.com/maci0/katamaran/internal/migration/tunnel.go:41.2,47.70 4 1
github.com/maci0/katamaran/internal/migration/tunnel.go:47.70,49.3 1 0
github.com/maci0/katamaran/internal/migration/tunnel.go:49.8,49.79 1 1
github.com/maci0/katamaran/internal/migration/tunnel.go:49.79,51.3 1 0
github.com/maci0/katamaran/internal/migration/tunnel.go:52.2,58.9 3 1
github.com/maci0/katamaran/internal/migration/tunnel.go:59.41,60.18 1 1
github.com/maci0/katamaran/internal/migration/tunnel.go:61.27,62.15 1 1
github.com/maci0/katamaran/internal/migration/tunnel.go:63.18,64.18 1 1
github.com/maci0/katamaran/internal/migration/tunnel.go:65.10,66.16 1 1
github.com/maci0/katamaran/internal/migration/tunnel.go:69.2,70.16 2 1
github.com/maci0/katamaran/internal/migration/tunnel.go:70.16,73.3 1 1
github.com/maci0/katamaran/internal/migration/tunnel.go:73.8,76.3 1 1
github.com/maci0/katamaran/internal/migration/tunnel.go:77.2,77.16 1 1
github.com/maci0/katamaran/internal/migration/tunnel.go:77.16,79.3 1 1
github.com/maci0/katamaran/internal/migration/tunnel.go:81.2,81.75 1 0
github.com/maci0/katamaran/internal/migration/tunnel.go:81.75,85.24 4 0
github.com/maci0/katamaran/internal/migration/tunnel.go:85.24,87.4 1 0
github.com/maci0/katamaran/internal/migration/tunnel.go:88.3,88.76 1 0
github.com/maci0/katamaran/internal/migration/tunnel.go:92.2,92.14 1 0
github.com/maci0/katamaran/internal/migration/tunnel.go:92.14,94.3 1 0
github.com/maci0/katamaran/internal/migration/tunnel.go:94.8,96.3 1 0
github.com/maci0/katamaran/internal/migration/tunnel.go:97.2,97.16 1 0
github.com/maci0/katamaran/internal/migration/tunnel.go:97.16,101.24 4 0
github.com/maci0/katamaran/internal/migration/tunnel.go:101.24,103.4 1 0
github.com/maci0/katamaran/internal/migration/tunnel.go:104.3,104.99 1 0
github.com/maci0/katamaran/internal/migration/tunnel.go:106.2,106.12 1 0
github.com/maci0/katamaran/internal/migration/tunnel.go:110.39,111.16 1 1
github.com/maci0/katamaran/internal/migration/tunnel.go:111.16,113.3 1 1
github.com/maci0/katamaran/internal/migration/tunnel.go:114.2,114.15 1 1
github.com/maci0/katamaran/internal/migration/tunnel.go:120.48,122.72 2 1
github.com/maci0/katamaran/internal/migration/tunnel.go:122.72,124.3 1 0
github.com/maci0/katamaran/internal/migration/tunnel.go:125.2,125.12 1 1
